#
# There is insufficient memory for the Java Runtime Environment to continue.
# Native memory allocation (malloc) failed to allocate 2139120 bytes for Chunk::new
# Possible reasons:
#   The system is out of physical RAM or swap space
#   The process is running with CompressedOops enabled, and the Java Heap may be blocking the growth of the native heap
# Possible solutions:
#   Reduce memory load on the system
#   Increase physical memory or swap space
#   Check if swap backing store is full
#   Decrease Java heap size (-Xmx/-Xms)
#   Decrease number of Java threads
#   Decrease Java thread stack sizes (-Xss)
#   Set larger code cache with -XX:ReservedCodeCacheSize=
#   JVM is running with Unscaled Compressed Oops mode in which the Java heap is
#     placed in the first 4GB address space. The Java Heap base address is the
#     maximum limit for the native heap growth. Please use -XX:HeapBaseMinAddress
#     to set the Java Heap base and to place the Java Heap above 4GB virtual address.
# This output file may be truncated or incomplete.
#
#  Out of Memory Error (arena.cpp:184), pid=4116, tid=15844
#
# JRE version: OpenJDK Runtime Environment (19.0.2+7) (build 19.0.2+7-44)
# Java VM: OpenJDK 64-Bit Server VM (19.0.2+7-44, mixed mode, sharing, tiered, compressed oops, compressed class ptrs, g1 gc, windows-amd64)
# No core dump will be written. Minidumps are not enabled by default on client versions of Windows
#

---------------  S U M M A R Y ------------

Command Line: --add-opens=java.base/java.util=ALL-UNNAMED --add-opens=java.base/java.lang=ALL-UNNAMED --add-opens=java.base/java.lang.invoke=ALL-UNNAMED --add-opens=java.base/java.util=ALL-UNNAMED --add-opens=java.prefs/java.util.prefs=ALL-UNNAMED --add-opens=java.prefs/java.util.prefs=ALL-UNNAMED --add-opens=java.base/java.nio.charset=ALL-UNNAMED --add-opens=java.base/java.net=ALL-UNNAMED --add-opens=java.base/java.util.concurrent.atomic=ALL-UNNAMED -Xmx2048m -Dfile.encoding=UTF-8 -Duser.country=US -Duser.language=en -Duser.variant org.gradle.launcher.daemon.bootstrap.GradleDaemon 7.0.2

Host: 11th Gen Intel(R) Core(TM) i5-11300H @ 3.10GHz, 8 cores, 7G,  Windows 11 , 64 bit Build 22621 (10.0.22621.1344)
Time: Fri Mar 17 21:40:31 2023 India Standard Time elapsed time: 18.640585 seconds (0d 0h 0m 18s)

---------------  T H R E A D  ---------------

Current thread (0x000001cf7f3b9940):  JavaThread "C2 CompilerThread0" daemon [_thread_in_native, id=15844, stack(0x0000002cb4300000,0x0000002cb4400000)]


Current CompileTask:
C2:  18640 2324   !   4       java.lang.ClassLoader::loadClass (121 bytes)

Stack: [0x0000002cb4300000,0x0000002cb4400000]
Native frames: (J=compiled Java code, j=interpreted, Vv=VM code, C=native code)
V  [jvm.dll+0x6ee21a]
V  [jvm.dll+0x85765e]
V  [jvm.dll+0x85904e]
V  [jvm.dll+0x859703]
V  [jvm.dll+0x28298f]
V  [jvm.dll+0xc9adf]
V  [jvm.dll+0xc9e65]
V  [jvm.dll+0x3bca4c]
V  [jvm.dll+0x1ee29a]
V  [jvm.dll+0x24c52b]
V  [jvm.dll+0x24b781]
V  [jvm.dll+0x1d6ce1]
V  [jvm.dll+0x25b25a]
V  [jvm.dll+0x2596e8]
V  [jvm.dll+0x807588]
V  [jvm.dll+0x80125a]
V  [jvm.dll+0x6ecf0b]
C  [ucrtbase.dll+0x29363]
C  [KERNEL32.DLL+0x126bd]
C  [ntdll.dll+0x5a9f8]


---------------  P R O C E S S  ---------------

Threads class SMR info:
_java_thread_list=0x000001cf1e8feb40, length=25, elements={
0x000001cf79d8eb20, 0x000001cf7f3a8e40, 0x000001cf7f3a9970, 0x000001cf7f3b1470,
0x000001cf7f3b1e90, 0x000001cf7f3b28b0, 0x000001cf7f3b36e0, 0x000001cf7f3b9940,
0x000001cf7f3be7e0, 0x000001cf7f3c1ee0, 0x000001cf1d1706b0, 0x000001cf1d175240,
0x000001cf1e246450, 0x000001cf1d355f90, 0x000001cf1e55c030, 0x000001cf1e5d4370,
0x000001cf1e5c9330, 0x000001cf1e5b5480, 0x000001cf1e540800, 0x000001cf1d0e3140,
0x000001cf1d0e2bf0, 0x000001cf1d0e3690, 0x000001cf1d0e3be0, 0x000001cf1e8b1550,
0x000001cf1e8afac0
}

Java Threads: ( => current thread )
  0x000001cf79d8eb20 JavaThread "main" [_thread_blocked, id=20552, stack(0x0000002cb3600000,0x0000002cb3700000)]
  0x000001cf7f3a8e40 JavaThread "Reference Handler" daemon [_thread_blocked, id=16952, stack(0x0000002cb3d00000,0x0000002cb3e00000)]
  0x000001cf7f3a9970 JavaThread "Finalizer" daemon [_thread_blocked, id=10124, stack(0x0000002cb3e00000,0x0000002cb3f00000)]
  0x000001cf7f3b1470 JavaThread "Signal Dispatcher" daemon [_thread_blocked, id=16788, stack(0x0000002cb3f00000,0x0000002cb4000000)]
  0x000001cf7f3b1e90 JavaThread "Attach Listener" daemon [_thread_blocked, id=16216, stack(0x0000002cb4000000,0x0000002cb4100000)]
  0x000001cf7f3b28b0 JavaThread "Service Thread" daemon [_thread_blocked, id=19756, stack(0x0000002cb4100000,0x0000002cb4200000)]
  0x000001cf7f3b36e0 JavaThread "Monitor Deflation Thread" daemon [_thread_blocked, id=20132, stack(0x0000002cb4200000,0x0000002cb4300000)]
=>0x000001cf7f3b9940 JavaThread "C2 CompilerThread0" daemon [_thread_in_native, id=15844, stack(0x0000002cb4300000,0x0000002cb4400000)]
  0x000001cf7f3be7e0 JavaThread "C1 CompilerThread0" daemon [_thread_in_vm, id=20188, stack(0x0000002cb4400000,0x0000002cb4500000)]
  0x000001cf7f3c1ee0 JavaThread "Sweeper thread" daemon [_thread_blocked, id=4184, stack(0x0000002cb4500000,0x0000002cb4600000)]
  0x000001cf1d1706b0 JavaThread "Common-Cleaner" daemon [_thread_blocked, id=18312, stack(0x0000002cb4600000,0x0000002cb4700000)]
  0x000001cf1d175240 JavaThread "Notification Thread" daemon [_thread_blocked, id=14924, stack(0x0000002cb4700000,0x0000002cb4800000)]
  0x000001cf1e246450 JavaThread "Daemon health stats" [_thread_blocked, id=9368, stack(0x0000002cb4d00000,0x0000002cb4e00000)]
  0x000001cf1d355f90 JavaThread "Incoming local TCP Connector on port 49714" [_thread_in_native, id=3260, stack(0x0000002cb4e00000,0x0000002cb4f00000)]
  0x000001cf1e55c030 JavaThread "Daemon periodic checks" [_thread_blocked, id=18992, stack(0x0000002cb4f00000,0x0000002cb5000000)]
  0x000001cf1e5d4370 JavaThread "Daemon" [_thread_blocked, id=20664, stack(0x0000002cb5000000,0x0000002cb5100000)]
  0x000001cf1e5c9330 JavaThread "Handler for socket connection from /127.0.0.1:49714 to /127.0.0.1:49715" [_thread_in_native, id=13736, stack(0x0000002cb5100000,0x0000002cb5200000)]
  0x000001cf1e5b5480 JavaThread "Cancel handler" [_thread_blocked, id=15252, stack(0x0000002cb5200000,0x0000002cb5300000)]
  0x000001cf1e540800 JavaThread "Daemon worker" [_thread_in_native, id=20788, stack(0x0000002cb5300000,0x0000002cb5400000)]
  0x000001cf1d0e3140 JavaThread "Asynchronous log dispatcher for DefaultDaemonConnection: socket connection from /127.0.0.1:49714 to /127.0.0.1:49715" [_thread_blocked, id=22080, stack(0x0000002cb5400000,0x0000002cb5500000)]
  0x000001cf1d0e2bf0 JavaThread "Stdin handler" [_thread_blocked, id=9164, stack(0x0000002cb5500000,0x0000002cb5600000)]
  0x000001cf1d0e3690 JavaThread "Daemon client event forwarder" [_thread_blocked, id=1796, stack(0x0000002cb5600000,0x0000002cb5700000)]
  0x000001cf1d0e3be0 JavaThread "Cache worker for file hash cache (C:\Users\UMESH\.gradle\caches\7.0.2\fileHashes)" [_thread_blocked, id=224, stack(0x0000002cb5700000,0x0000002cb5800000)]
  0x000001cf1e8b1550 JavaThread "File lock request listener" [_thread_in_native, id=18892, stack(0x0000002cb5800000,0x0000002cb5900000)]
  0x000001cf1e8afac0 JavaThread "Cache worker for journal cache (C:\Users\UMESH\.gradle\caches\journal-1)" [_thread_blocked, id=11632, stack(0x0000002cb5900000,0x0000002cb5a00000)]

Other Threads:
  0x000001cf7f3882d0 VMThread "VM Thread" [stack: 0x0000002cb3c00000,0x0000002cb3d00000] [id=3324]
  0x000001cf1d177790 WatcherThread "VM Periodic Task Thread" [stack: 0x0000002cb4800000,0x0000002cb4900000] [id=17084]
  0x000001cf79dedf80 WorkerThread "GC Thread#0" [stack: 0x0000002cb3700000,0x0000002cb3800000] [id=8160]
  0x000001cf1d944e40 WorkerThread "GC Thread#1" [stack: 0x0000002cb4900000,0x0000002cb4a00000] [id=11336]
  0x000001cf1d371680 WorkerThread "GC Thread#2" [stack: 0x0000002cb4a00000,0x0000002cb4b00000] [id=18788]
  0x000001cf1d9ff700 WorkerThread "GC Thread#3" [stack: 0x0000002cb4b00000,0x0000002cb4c00000] [id=17452]
  0x000001cf1d9c7ba0 WorkerThread "GC Thread#4" [stack: 0x0000002cb4c00000,0x0000002cb4d00000] [id=21076]
  0x000001cf79dff1e0 ConcurrentGCThread "G1 Main Marker" [stack: 0x0000002cb3800000,0x0000002cb3900000] [id=13056]
  0x000001cf79dffc10 WorkerThread "G1 Conc#0" [stack: 0x0000002cb3900000,0x0000002cb3a00000] [id=16072]
  0x000001cf79e4bb70 ConcurrentGCThread "G1 Refine#0" [stack: 0x0000002cb3a00000,0x0000002cb3b00000] [id=15788]
  0x000001cf79e4c550 ConcurrentGCThread "G1 Service" [stack: 0x0000002cb3b00000,0x0000002cb3c00000] [id=20668]

Threads with active compile tasks:
C2 CompilerThread0    18663 2324   !   4       java.lang.ClassLoader::loadClass (121 bytes)

VM state: not at safepoint (normal execution)

VM Mutex/Monitor currently owned by a thread: None

Heap address: 0x0000000080000000, size: 2048 MB, Compressed Oops mode: 32-bit

CDS archive(s) mapped at: [0x0000000800000000-0x0000000800c40000-0x0000000800c40000), size 12845056, SharedBaseAddress: 0x0000000800000000, ArchiveRelocationMode: 0.
Compressed class space mapped at: 0x0000000801000000-0x0000000841000000, reserved size: 1073741824
Narrow klass base: 0x0000000800000000, Narrow klass shift: 0, Narrow klass range: 0x100000000

GC Precious Log:
 CardTable entry size: 512
 Card Set container configuration: InlinePtr #cards 5 size 8 Array Of Cards #cards 12 size 40 Howl #buckets 4 coarsen threshold 1843 Howl Bitmap #cards 512 size 80 coarsen threshold 460 Card regions per heap region 1 cards per card region 2048
 CPUs: 8 total, 8 available
 Memory: 7975M
 Large Page Support: Disabled
 NUMA Support: Disabled
 Compressed Oops: Enabled (32-bit)
 Heap Region Size: 1M
 Heap Min Capacity: 8M
 Heap Initial Capacity: 126M
 Heap Max Capacity: 2G
 Pre-touch: Disabled
 Parallel Workers: 8
 Concurrent Workers: 2
 Concurrent Refinement Workers: 8
 Periodic GC: Disabled

Heap:
 garbage-first heap   total 129024K, used 74410K [0x0000000080000000, 0x0000000100000000)
  region size 1024K, 65 young (66560K), 4 survivors (4096K)
 Metaspace       used 17636K, committed 18240K, reserved 1114112K
  class space    used 2487K, committed 2752K, reserved 1048576K

Heap Regions: E=young(eden), S=young(survivor), O=old, HS=humongous(starts), HC=humongous(continues), CS=collection set, F=free, OA=open archive, CA=closed archive, TAMS=top-at-mark-start (previous, next)
|   0|0x0000000080000000, 0x0000000080000000, 0x0000000080100000|  0%| F|  |TAMS 0x0000000080000000, 0x0000000080000000| Untracked 
|   1|0x0000000080100000, 0x0000000080200000, 0x0000000080200000|100%| O|  |TAMS 0x0000000080100000, 0x0000000080100000| Untracked 
|   2|0x0000000080200000, 0x0000000080300000, 0x0000000080300000|100%| O|  |TAMS 0x0000000080200000, 0x0000000080200000| Untracked 
|   3|0x0000000080300000, 0x0000000080400000, 0x0000000080400000|100%|HS|  |TAMS 0x0000000080300000, 0x0000000080300000| Complete 
|   4|0x0000000080400000, 0x0000000080500000, 0x0000000080500000|100%|HC|  |TAMS 0x0000000080400000, 0x0000000080400000| Complete 
|   5|0x0000000080500000, 0x0000000080600000, 0x0000000080600000|100%|HC|  |TAMS 0x0000000080500000, 0x0000000080500000| Complete 
|   6|0x0000000080600000, 0x0000000080700000, 0x0000000080700000|100%| O|  |TAMS 0x0000000080600000, 0x0000000080600000| Untracked 
|   7|0x0000000080700000, 0x0000000080800000, 0x0000000080800000|100%| O|  |TAMS 0x0000000080700000, 0x0000000080700000| Untracked 
|   8|0x0000000080800000, 0x0000000080900000, 0x0000000080900000|100%| O|  |TAMS 0x0000000080800000, 0x0000000080800000| Untracked 
|   9|0x0000000080900000, 0x00000000809aa800, 0x0000000080a00000| 66%| O|  |TAMS 0x0000000080900000, 0x0000000080900000| Untracked 
|  10|0x0000000080a00000, 0x0000000080a00000, 0x0000000080b00000|  0%| F|  |TAMS 0x0000000080a00000, 0x0000000080a00000| Untracked 
|  11|0x0000000080b00000, 0x0000000080b00000, 0x0000000080c00000|  0%| F|  |TAMS 0x0000000080b00000, 0x0000000080b00000| Untracked 
|  12|0x0000000080c00000, 0x0000000080c00000, 0x0000000080d00000|  0%| F|  |TAMS 0x0000000080c00000, 0x0000000080c00000| Untracked 
|  13|0x0000000080d00000, 0x0000000080d00000, 0x0000000080e00000|  0%| F|  |TAMS 0x0000000080d00000, 0x0000000080d00000| Untracked 
|  14|0x0000000080e00000, 0x0000000080e00000, 0x0000000080f00000|  0%| F|  |TAMS 0x0000000080e00000, 0x0000000080e00000| Untracked 
|  15|0x0000000080f00000, 0x0000000080f00000, 0x0000000081000000|  0%| F|  |TAMS 0x0000000080f00000, 0x0000000080f00000| Untracked 
|  16|0x0000000081000000, 0x0000000081000000, 0x0000000081100000|  0%| F|  |TAMS 0x0000000081000000, 0x0000000081000000| Untracked 
|  17|0x0000000081100000, 0x0000000081100000, 0x0000000081200000|  0%| F|  |TAMS 0x0000000081100000, 0x0000000081100000| Untracked 
|  18|0x0000000081200000, 0x0000000081200000, 0x0000000081300000|  0%| F|  |TAMS 0x0000000081200000, 0x0000000081200000| Untracked 
|  19|0x0000000081300000, 0x0000000081300000, 0x0000000081400000|  0%| F|  |TAMS 0x0000000081300000, 0x0000000081300000| Untracked 
|  20|0x0000000081400000, 0x0000000081400000, 0x0000000081500000|  0%| F|  |TAMS 0x0000000081400000, 0x0000000081400000| Untracked 
|  21|0x0000000081500000, 0x0000000081500000, 0x0000000081600000|  0%| F|  |TAMS 0x0000000081500000, 0x0000000081500000| Untracked 
|  22|0x0000000081600000, 0x0000000081600000, 0x0000000081700000|  0%| F|  |TAMS 0x0000000081600000, 0x0000000081600000| Untracked 
|  23|0x0000000081700000, 0x0000000081700000, 0x0000000081800000|  0%| F|  |TAMS 0x0000000081700000, 0x0000000081700000| Untracked 
|  24|0x0000000081800000, 0x0000000081800000, 0x0000000081900000|  0%| F|  |TAMS 0x0000000081800000, 0x0000000081800000| Untracked 
|  25|0x0000000081900000, 0x0000000081900000, 0x0000000081a00000|  0%| F|  |TAMS 0x0000000081900000, 0x0000000081900000| Untracked 
|  26|0x0000000081a00000, 0x0000000081a00000, 0x0000000081b00000|  0%| F|  |TAMS 0x0000000081a00000, 0x0000000081a00000| Untracked 
|  27|0x0000000081b00000, 0x0000000081b00000, 0x0000000081c00000|  0%| F|  |TAMS 0x0000000081b00000, 0x0000000081b00000| Untracked 
|  28|0x0000000081c00000, 0x0000000081c00000, 0x0000000081d00000|  0%| F|  |TAMS 0x0000000081c00000, 0x0000000081c00000| Untracked 
|  29|0x0000000081d00000, 0x0000000081d00000, 0x0000000081e00000|  0%| F|  |TAMS 0x0000000081d00000, 0x0000000081d00000| Untracked 
|  30|0x0000000081e00000, 0x0000000081e00000, 0x0000000081f00000|  0%| F|  |TAMS 0x0000000081e00000, 0x0000000081e00000| Untracked 
|  31|0x0000000081f00000, 0x0000000081f00000, 0x0000000082000000|  0%| F|  |TAMS 0x0000000081f00000, 0x0000000081f00000| Untracked 
|  32|0x0000000082000000, 0x0000000082000000, 0x0000000082100000|  0%| F|  |TAMS 0x0000000082000000, 0x0000000082000000| Untracked 
|  33|0x0000000082100000, 0x0000000082100000, 0x0000000082200000|  0%| F|  |TAMS 0x0000000082100000, 0x0000000082100000| Untracked 
|  34|0x0000000082200000, 0x0000000082200000, 0x0000000082300000|  0%| F|  |TAMS 0x0000000082200000, 0x0000000082200000| Untracked 
|  35|0x0000000082300000, 0x0000000082300000, 0x0000000082400000|  0%| F|  |TAMS 0x0000000082300000, 0x0000000082300000| Untracked 
|  36|0x0000000082400000, 0x0000000082400000, 0x0000000082500000|  0%| F|  |TAMS 0x0000000082400000, 0x0000000082400000| Untracked 
|  37|0x0000000082500000, 0x0000000082500000, 0x0000000082600000|  0%| F|  |TAMS 0x0000000082500000, 0x0000000082500000| Untracked 
|  38|0x0000000082600000, 0x0000000082600000, 0x0000000082700000|  0%| F|  |TAMS 0x0000000082600000, 0x0000000082600000| Untracked 
|  39|0x0000000082700000, 0x0000000082700000, 0x0000000082800000|  0%| F|  |TAMS 0x0000000082700000, 0x0000000082700000| Untracked 
|  40|0x0000000082800000, 0x0000000082800000, 0x0000000082900000|  0%| F|  |TAMS 0x0000000082800000, 0x0000000082800000| Untracked 
|  41|0x0000000082900000, 0x0000000082900000, 0x0000000082a00000|  0%| F|  |TAMS 0x0000000082900000, 0x0000000082900000| Untracked 
|  42|0x0000000082a00000, 0x0000000082a00000, 0x0000000082b00000|  0%| F|  |TAMS 0x0000000082a00000, 0x0000000082a00000| Untracked 
|  43|0x0000000082b00000, 0x0000000082b00000, 0x0000000082c00000|  0%| F|  |TAMS 0x0000000082b00000, 0x0000000082b00000| Untracked 
|  44|0x0000000082c00000, 0x0000000082c00000, 0x0000000082d00000|  0%| F|  |TAMS 0x0000000082c00000, 0x0000000082c00000| Untracked 
|  45|0x0000000082d00000, 0x0000000082d00000, 0x0000000082e00000|  0%| F|  |TAMS 0x0000000082d00000, 0x0000000082d00000| Untracked 
|  46|0x0000000082e00000, 0x0000000082e00000, 0x0000000082f00000|  0%| F|  |TAMS 0x0000000082e00000, 0x0000000082e00000| Untracked 
|  47|0x0000000082f00000, 0x0000000082f00000, 0x0000000083000000|  0%| F|  |TAMS 0x0000000082f00000, 0x0000000082f00000| Untracked 
|  48|0x0000000083000000, 0x0000000083000000, 0x0000000083100000|  0%| F|  |TAMS 0x0000000083000000, 0x0000000083000000| Untracked 
|  49|0x0000000083100000, 0x0000000083100000, 0x0000000083200000|  0%| F|  |TAMS 0x0000000083100000, 0x0000000083100000| Untracked 
|  50|0x0000000083200000, 0x0000000083200000, 0x0000000083300000|  0%| F|  |TAMS 0x0000000083200000, 0x0000000083200000| Untracked 
|  51|0x0000000083300000, 0x0000000083300000, 0x0000000083400000|  0%| F|  |TAMS 0x0000000083300000, 0x0000000083300000| Untracked 
|  52|0x0000000083400000, 0x0000000083400000, 0x0000000083500000|  0%| F|  |TAMS 0x0000000083400000, 0x0000000083400000| Untracked 
|  53|0x0000000083500000, 0x0000000083500000, 0x0000000083600000|  0%| F|  |TAMS 0x0000000083500000, 0x0000000083500000| Untracked 
|  54|0x0000000083600000, 0x0000000083600000, 0x0000000083700000|  0%| F|  |TAMS 0x0000000083600000, 0x0000000083600000| Untracked 
|  55|0x0000000083700000, 0x0000000083700000, 0x0000000083800000|  0%| F|  |TAMS 0x0000000083700000, 0x0000000083700000| Untracked 
|  56|0x0000000083800000, 0x0000000083800000, 0x0000000083900000|  0%| F|  |TAMS 0x0000000083800000, 0x0000000083800000| Untracked 
|  57|0x0000000083900000, 0x0000000083900000, 0x0000000083a00000|  0%| F|  |TAMS 0x0000000083900000, 0x0000000083900000| Untracked 
|  58|0x0000000083a00000, 0x0000000083a00000, 0x0000000083b00000|  0%| F|  |TAMS 0x0000000083a00000, 0x0000000083a00000| Untracked 
|  59|0x0000000083b00000, 0x0000000083b00000, 0x0000000083c00000|  0%| F|  |TAMS 0x0000000083b00000, 0x0000000083b00000| Untracked 
|  60|0x0000000083c00000, 0x0000000083c00000, 0x0000000083d00000|  0%| F|  |TAMS 0x0000000083c00000, 0x0000000083c00000| Untracked 
|  61|0x0000000083d00000, 0x0000000083df3340, 0x0000000083e00000| 95%| E|  |TAMS 0x0000000083d00000, 0x0000000083d00000| Complete 
|  62|0x0000000083e00000, 0x0000000083f00000, 0x0000000083f00000|100%| E|CS|TAMS 0x0000000083e00000, 0x0000000083e00000| Complete 
|  63|0x0000000083f00000, 0x0000000084000000, 0x0000000084000000|100%| E|CS|TAMS 0x0000000083f00000, 0x0000000083f00000| Complete 
|  64|0x0000000084000000, 0x0000000084100000, 0x0000000084100000|100%| E|CS|TAMS 0x0000000084000000, 0x0000000084000000| Complete 
|  65|0x0000000084100000, 0x0000000084200000, 0x0000000084200000|100%| E|CS|TAMS 0x0000000084100000, 0x0000000084100000| Complete 
|  66|0x0000000084200000, 0x0000000084300000, 0x0000000084300000|100%| E|CS|TAMS 0x0000000084200000, 0x0000000084200000| Complete 
|  67|0x0000000084300000, 0x0000000084400000, 0x0000000084400000|100%| E|CS|TAMS 0x0000000084300000, 0x0000000084300000| Complete 
|  68|0x0000000084400000, 0x0000000084500000, 0x0000000084500000|100%| E|CS|TAMS 0x0000000084400000, 0x0000000084400000| Complete 
|  69|0x0000000084500000, 0x0000000084600000, 0x0000000084600000|100%| E|CS|TAMS 0x0000000084500000, 0x0000000084500000| Complete 
|  70|0x0000000084600000, 0x0000000084700000, 0x0000000084700000|100%| E|CS|TAMS 0x0000000084600000, 0x0000000084600000| Complete 
|  71|0x0000000084700000, 0x0000000084800000, 0x0000000084800000|100%| E|CS|TAMS 0x0000000084700000, 0x0000000084700000| Complete 
|  72|0x0000000084800000, 0x0000000084900000, 0x0000000084900000|100%| E|CS|TAMS 0x0000000084800000, 0x0000000084800000| Complete 
|  73|0x0000000084900000, 0x0000000084a00000, 0x0000000084a00000|100%| E|CS|TAMS 0x0000000084900000, 0x0000000084900000| Complete 
|  74|0x0000000084a00000, 0x0000000084b00000, 0x0000000084b00000|100%| E|CS|TAMS 0x0000000084a00000, 0x0000000084a00000| Complete 
|  75|0x0000000084b00000, 0x0000000084c00000, 0x0000000084c00000|100%| E|CS|TAMS 0x0000000084b00000, 0x0000000084b00000| Complete 
|  76|0x0000000084c00000, 0x0000000084d00000, 0x0000000084d00000|100%| E|CS|TAMS 0x0000000084c00000, 0x0000000084c00000| Complete 
|  77|0x0000000084d00000, 0x0000000084e00000, 0x0000000084e00000|100%| E|CS|TAMS 0x0000000084d00000, 0x0000000084d00000| Complete 
|  78|0x0000000084e00000, 0x0000000084f00000, 0x0000000084f00000|100%| E|CS|TAMS 0x0000000084e00000, 0x0000000084e00000| Complete 
|  79|0x0000000084f00000, 0x0000000085000000, 0x0000000085000000|100%| E|CS|TAMS 0x0000000084f00000, 0x0000000084f00000| Complete 
|  80|0x0000000085000000, 0x0000000085100000, 0x0000000085100000|100%| E|CS|TAMS 0x0000000085000000, 0x0000000085000000| Complete 
|  81|0x0000000085100000, 0x0000000085200000, 0x0000000085200000|100%| E|CS|TAMS 0x0000000085100000, 0x0000000085100000| Complete 
|  82|0x0000000085200000, 0x0000000085300000, 0x0000000085300000|100%| E|CS|TAMS 0x0000000085200000, 0x0000000085200000| Complete 
|  83|0x0000000085300000, 0x0000000085400000, 0x0000000085400000|100%| E|CS|TAMS 0x0000000085300000, 0x0000000085300000| Complete 
|  84|0x0000000085400000, 0x0000000085500000, 0x0000000085500000|100%| E|CS|TAMS 0x0000000085400000, 0x0000000085400000| Complete 
|  85|0x0000000085500000, 0x0000000085600000, 0x0000000085600000|100%| E|CS|TAMS 0x0000000085500000, 0x0000000085500000| Complete 
|  86|0x0000000085600000, 0x0000000085700000, 0x0000000085700000|100%| E|CS|TAMS 0x0000000085600000, 0x0000000085600000| Complete 
|  87|0x0000000085700000, 0x0000000085800000, 0x0000000085800000|100%| E|CS|TAMS 0x0000000085700000, 0x0000000085700000| Complete 
|  88|0x0000000085800000, 0x0000000085900000, 0x0000000085900000|100%| E|CS|TAMS 0x0000000085800000, 0x0000000085800000| Complete 
|  89|0x0000000085900000, 0x0000000085a00000, 0x0000000085a00000|100%| E|CS|TAMS 0x0000000085900000, 0x0000000085900000| Complete 
|  90|0x0000000085a00000, 0x0000000085b00000, 0x0000000085b00000|100%| S|CS|TAMS 0x0000000085a00000, 0x0000000085a00000| Complete 
|  91|0x0000000085b00000, 0x0000000085c00000, 0x0000000085c00000|100%| S|CS|TAMS 0x0000000085b00000, 0x0000000085b00000| Complete 
|  92|0x0000000085c00000, 0x0000000085d00000, 0x0000000085d00000|100%| S|CS|TAMS 0x0000000085c00000, 0x0000000085c00000| Complete 
|  93|0x0000000085d00000, 0x0000000085e00000, 0x0000000085e00000|100%| S|CS|TAMS 0x0000000085d00000, 0x0000000085d00000| Complete 
|  94|0x0000000085e00000, 0x0000000085f00000, 0x0000000085f00000|100%| E|CS|TAMS 0x0000000085e00000, 0x0000000085e00000| Complete 
|  95|0x0000000085f00000, 0x0000000086000000, 0x0000000086000000|100%| E|CS|TAMS 0x0000000085f00000, 0x0000000085f00000| Complete 
|  96|0x0000000086000000, 0x0000000086100000, 0x0000000086100000|100%| E|CS|TAMS 0x0000000086000000, 0x0000000086000000| Complete 
|  97|0x0000000086100000, 0x0000000086200000, 0x0000000086200000|100%| E|CS|TAMS 0x0000000086100000, 0x0000000086100000| Complete 
|  98|0x0000000086200000, 0x0000000086300000, 0x0000000086300000|100%| E|CS|TAMS 0x0000000086200000, 0x0000000086200000| Complete 
|  99|0x0000000086300000, 0x0000000086400000, 0x0000000086400000|100%| E|CS|TAMS 0x0000000086300000, 0x0000000086300000| Complete 
| 100|0x0000000086400000, 0x0000000086500000, 0x0000000086500000|100%| E|CS|TAMS 0x0000000086400000, 0x0000000086400000| Complete 
| 101|0x0000000086500000, 0x0000000086600000, 0x0000000086600000|100%| E|CS|TAMS 0x0000000086500000, 0x0000000086500000| Complete 
| 102|0x0000000086600000, 0x0000000086700000, 0x0000000086700000|100%| E|CS|TAMS 0x0000000086600000, 0x0000000086600000| Complete 
| 103|0x0000000086700000, 0x0000000086800000, 0x0000000086800000|100%| E|CS|TAMS 0x0000000086700000, 0x0000000086700000| Complete 
| 104|0x0000000086800000, 0x0000000086900000, 0x0000000086900000|100%| E|CS|TAMS 0x0000000086800000, 0x0000000086800000| Complete 
| 105|0x0000000086900000, 0x0000000086a00000, 0x0000000086a00000|100%| E|CS|TAMS 0x0000000086900000, 0x0000000086900000| Complete 
| 106|0x0000000086a00000, 0x0000000086b00000, 0x0000000086b00000|100%| E|CS|TAMS 0x0000000086a00000, 0x0000000086a00000| Complete 
| 107|0x0000000086b00000, 0x0000000086c00000, 0x0000000086c00000|100%| E|CS|TAMS 0x0000000086b00000, 0x0000000086b00000| Complete 
| 108|0x0000000086c00000, 0x0000000086d00000, 0x0000000086d00000|100%| E|CS|TAMS 0x0000000086c00000, 0x0000000086c00000| Complete 
| 109|0x0000000086d00000, 0x0000000086e00000, 0x0000000086e00000|100%| E|CS|TAMS 0x0000000086d00000, 0x0000000086d00000| Complete 
| 110|0x0000000086e00000, 0x0000000086f00000, 0x0000000086f00000|100%| E|CS|TAMS 0x0000000086e00000, 0x0000000086e00000| Complete 
| 111|0x0000000086f00000, 0x0000000087000000, 0x0000000087000000|100%| E|CS|TAMS 0x0000000086f00000, 0x0000000086f00000| Complete 
| 112|0x0000000087000000, 0x0000000087100000, 0x0000000087100000|100%| E|CS|TAMS 0x0000000087000000, 0x0000000087000000| Complete 
| 113|0x0000000087100000, 0x0000000087200000, 0x0000000087200000|100%| E|CS|TAMS 0x0000000087100000, 0x0000000087100000| Complete 
| 114|0x0000000087200000, 0x0000000087300000, 0x0000000087300000|100%| E|CS|TAMS 0x0000000087200000, 0x0000000087200000| Complete 
| 115|0x0000000087300000, 0x0000000087400000, 0x0000000087400000|100%| E|CS|TAMS 0x0000000087300000, 0x0000000087300000| Complete 
| 116|0x0000000087400000, 0x0000000087500000, 0x0000000087500000|100%| E|CS|TAMS 0x0000000087400000, 0x0000000087400000| Complete 
| 117|0x0000000087500000, 0x0000000087600000, 0x0000000087600000|100%| E|CS|TAMS 0x0000000087500000, 0x0000000087500000| Complete 
| 118|0x0000000087600000, 0x0000000087700000, 0x0000000087700000|100%| E|CS|TAMS 0x0000000087600000, 0x0000000087600000| Complete 
| 119|0x0000000087700000, 0x0000000087800000, 0x0000000087800000|100%| E|CS|TAMS 0x0000000087700000, 0x0000000087700000| Complete 
| 120|0x0000000087800000, 0x0000000087900000, 0x0000000087900000|100%| E|CS|TAMS 0x0000000087800000, 0x0000000087800000| Complete 
| 121|0x0000000087900000, 0x0000000087a00000, 0x0000000087a00000|100%| E|CS|TAMS 0x0000000087900000, 0x0000000087900000| Complete 
| 122|0x0000000087a00000, 0x0000000087b00000, 0x0000000087b00000|100%| E|CS|TAMS 0x0000000087a00000, 0x0000000087a00000| Complete 
| 123|0x0000000087b00000, 0x0000000087c00000, 0x0000000087c00000|100%| E|CS|TAMS 0x0000000087b00000, 0x0000000087b00000| Complete 
| 124|0x0000000087c00000, 0x0000000087d00000, 0x0000000087d00000|100%| E|CS|TAMS 0x0000000087c00000, 0x0000000087c00000| Complete 
| 125|0x0000000087d00000, 0x0000000087e00000, 0x0000000087e00000|100%| E|CS|TAMS 0x0000000087d00000, 0x0000000087d00000| Complete 

Card table byte_map: [0x000001cf7a590000,0x000001cf7a990000] _byte_map_base: 0x000001cf7a190000

Marking Bits (Prev, Next): (CMBitMap*) 0x000001cf79dee5b0, (CMBitMap*) 0x000001cf79dee5f0
 Prev Bits: [0x000001cf7ad90000, 0x000001cf7cd90000)
 Next Bits: [0x000001cf7cd90000, 0x000001cf7ed90000)

Polling page: 0x000001cf77d90000

Metaspace:

Usage:
  Non-class:     14.81 MB used.
      Class:      2.43 MB used.
       Both:     17.24 MB used.

Virtual space:
  Non-class space:       64.00 MB reserved,      15.12 MB ( 24%) committed,  1 nodes.
      Class space:        1.00 GB reserved,       2.69 MB ( <1%) committed,  1 nodes.
             Both:        1.06 GB reserved,      17.81 MB (  2%) committed. 

Chunk freelists:
   Non-Class:  804.00 KB
       Class:  1.28 MB
        Both:  2.07 MB

MaxMetaspaceSize: unlimited
CompressedClassSpaceSize: 1.00 GB
Initial GC threshold: 21.00 MB
Current GC threshold: 21.00 MB
CDS: on
MetaspaceReclaimPolicy: balanced
 - commit_granule_bytes: 65536.
 - commit_granule_words: 8192.
 - virtual_space_node_default_size: 8388608.
 - enlarge_chunks_in_place: 1.
 - new_chunks_are_fully_committed: 0.
 - uncommit_free_chunks: 1.
 - use_allocation_guard: 0.


Internal statistics:

num_allocs_failed_limit: 0.
num_arena_births: 796.
num_arena_deaths: 0.
num_vsnodes_births: 2.
num_vsnodes_deaths: 0.
num_space_committed: 285.
num_space_uncommitted: 0.
num_chunks_returned_to_freelist: 0.
num_chunks_taken_from_freelist: 1487.
num_chunk_merges: 0.
num_chunk_splits: 924.
num_chunks_enlarged: 594.
num_inconsistent_stats: 0.

CodeHeap 'non-profiled nmethods': size=120000Kb used=1036Kb max_used=1036Kb free=118963Kb
 bounds [0x000001cf0f960000, 0x000001cf0fbd0000, 0x000001cf16e90000]
CodeHeap 'profiled nmethods': size=120000Kb used=5109Kb max_used=5109Kb free=114890Kb
 bounds [0x000001cf07e90000, 0x000001cf08390000, 0x000001cf0f3c0000]
CodeHeap 'non-nmethods': size=5760Kb used=1329Kb max_used=1334Kb free=4431Kb
 bounds [0x000001cf0f3c0000, 0x000001cf0f630000, 0x000001cf0f960000]
 total_blobs=3070 nmethods=2526 adapters=454
 compilation: enabled
              stopped_count=0, restarted_count=0
 full_count=0

Compilation events (20 events):
Event: 18.627 Thread 0x000001cf7f3be7e0 2517       3       com.google.common.base.Splitter::omitEmptyStrings (21 bytes)
Event: 18.627 Thread 0x000001cf7f3be7e0 nmethod 2517 0x000001cf0837dd90 code [0x000001cf0837df40, 0x000001cf0837e238]
Event: 18.627 Thread 0x000001cf7f3be7e0 2519       3       com.google.common.base.Splitter::splittingIterator (12 bytes)
Event: 18.628 Thread 0x000001cf7f3be7e0 nmethod 2519 0x000001cf0837e310 code [0x000001cf0837e4c0, 0x000001cf0837e6a8]
Event: 18.628 Thread 0x000001cf7f3be7e0 2520       3       com.google.common.base.Splitter$1::iterator (7 bytes)
Event: 18.628 Thread 0x000001cf7f3be7e0 nmethod 2520 0x000001cf0837e810 code [0x000001cf0837e9c0, 0x000001cf0837eb08]
Event: 18.628 Thread 0x000001cf7f3be7e0 2521       3       com.google.common.base.Splitter$1::iterator (11 bytes)
Event: 18.628 Thread 0x000001cf7f3be7e0 nmethod 2521 0x000001cf0837eb90 code [0x000001cf0837ed40, 0x000001cf0837efa8]
Event: 18.628 Thread 0x000001cf7f3be7e0 2522       3       com.google.common.base.Splitter$1$1::<init> (12 bytes)
Event: 18.628 Thread 0x000001cf7f3be7e0 nmethod 2522 0x000001cf0837f090 code [0x000001cf0837f240, 0x000001cf0837f3c8]
Event: 18.628 Thread 0x000001cf7f3be7e0 2523       3       com.google.common.base.Splitter$SplittingIterator::<init> (39 bytes)
Event: 18.628 Thread 0x000001cf7f3be7e0 nmethod 2523 0x000001cf0837f490 code [0x000001cf0837f660, 0x000001cf0837f9b8]
Event: 18.628 Thread 0x000001cf7f3be7e0 2524       3       com.google.common.base.AbstractIterator::<init> (12 bytes)
Event: 18.628 Thread 0x000001cf7f3be7e0 nmethod 2524 0x000001cf0837fb10 code [0x000001cf0837fcc0, 0x000001cf0837fe98]
Event: 18.636 Thread 0x000001cf7f3be7e0 2526       3       java.util.LinkedHashMap::values (25 bytes)
Event: 18.636 Thread 0x000001cf7f3be7e0 nmethod 2526 0x000001cf0837ff90 code [0x000001cf08380140, 0x000001cf083804b8]
Event: 18.636 Thread 0x000001cf7f3be7e0 2527       3       java.util.LinkedHashMap$LinkedValues::iterator (12 bytes)
Event: 18.636 Thread 0x000001cf7f3be7e0 nmethod 2527 0x000001cf08380610 code [0x000001cf083807c0, 0x000001cf08380b18]
Event: 18.636 Thread 0x000001cf7f3be7e0 2528       3       java.util.LinkedHashMap$LinkedValueIterator::<init> (6 bytes)
Event: 18.636 Thread 0x000001cf7f3be7e0 nmethod 2528 0x000001cf08380c90 code [0x000001cf08380e40, 0x000001cf083810f8]

GC Heap History (4 events):
Event: 10.085 GC heap before
{Heap before GC invocations=0 (full 0):
 garbage-first heap   total 129024K, used 28672K [0x0000000080000000, 0x0000000100000000)
  region size 1024K, 23 young (23552K), 0 survivors (0K)
 Metaspace       used 3393K, committed 3520K, reserved 1114112K
  class space    used 412K, committed 448K, reserved 1048576K
}
Event: 10.095 GC heap after
{Heap after GC invocations=1 (full 0):
 garbage-first heap   total 129024K, used 9097K [0x0000000080000000, 0x0000000100000000)
  region size 1024K, 3 young (3072K), 3 survivors (3072K)
 Metaspace       used 3393K, committed 3520K, reserved 1114112K
  class space    used 412K, committed 448K, reserved 1048576K
}
Event: 17.096 GC heap before
{Heap before GC invocations=1 (full 0):
 garbage-first heap   total 129024K, used 38793K [0x0000000080000000, 0x0000000100000000)
  region size 1024K, 32 young (32768K), 3 survivors (3072K)
 Metaspace       used 4039K, committed 4288K, reserved 1114112K
  class space    used 490K, committed 640K, reserved 1048576K
}
Event: 17.100 GC heap after
{Heap after GC invocations=2 (full 0):
 garbage-first heap   total 129024K, used 12970K [0x0000000080000000, 0x0000000100000000)
  region size 1024K, 4 young (4096K), 4 survivors (4096K)
 Metaspace       used 4039K, committed 4288K, reserved 1114112K
  class space    used 490K, committed 640K, reserved 1048576K
}

Dll operation events (13 events):
Event: 0.006 Loaded shared library C:\Users\UMESH\.jdks\openjdk-19.0.2\bin\java.dll
Event: 0.080 Loaded shared library C:\Users\UMESH\.jdks\openjdk-19.0.2\bin\jsvml.dll
Event: 0.198 Loaded shared library C:\Users\UMESH\.jdks\openjdk-19.0.2\bin\net.dll
Event: 0.232 Loaded shared library C:\Users\UMESH\.jdks\openjdk-19.0.2\bin\nio.dll
Event: 0.285 Loaded shared library C:\Users\UMESH\.jdks\openjdk-19.0.2\bin\zip.dll
Event: 4.296 Loaded shared library C:\Users\UMESH\.jdks\openjdk-19.0.2\bin\jimage.dll
Event: 5.679 Loaded shared library C:\Users\UMESH\.jdks\openjdk-19.0.2\bin\verify.dll
Event: 9.579 Loaded shared library C:\Users\UMESH\.gradle\native\8bec1ad78214c89d9ad589b4d07fe93259594b29d510b10fafb7a158f7737e5d\windows-amd64\native-platform.dll
Event: 9.701 Loaded shared library C:\Users\UMESH\.gradle\native\53dbd7edfb1c66fb8903c78663c9afc45aea4f116125fa6feffd364cf09443e8\windows-amd64\native-platform-file-events.dll
Event: 17.271 Loaded shared library C:\Users\UMESH\.jdks\openjdk-19.0.2\bin\management.dll
Event: 17.289 Loaded shared library C:\Users\UMESH\.jdks\openjdk-19.0.2\bin\management_ext.dll
Event: 17.503 Loaded shared library C:\Users\UMESH\.jdks\openjdk-19.0.2\bin\extnet.dll
Event: 17.721 Loaded shared library C:\Users\UMESH\.jdks\openjdk-19.0.2\bin\sunmscapi.dll

Deoptimization events (20 events):
Event: 18.219 Thread 0x000001cf1e540800 Uncommon trap: trap_request=0xffffffcc fr.pc=0x000001cf0fa59cec relative=0x000000000000034c
Event: 18.219 Thread 0x000001cf1e540800 Uncommon trap: reason=intrinsic_or_type_checked_inlining action=make_not_entrant pc=0x000001cf0fa59cec method=java.util.Arrays.copyOf([Ljava/lang/Object;ILjava/lang/Class;)[Ljava/lang/Object; @ 35 c2
Event: 18.219 Thread 0x000001cf1e540800 DEOPT PACKING pc=0x000001cf0fa59cec sp=0x0000002cb53fce90
Event: 18.219 Thread 0x000001cf1e540800 DEOPT UNPACKING pc=0x000001cf0f42a5a3 sp=0x0000002cb53fce38 mode 2
Event: 18.347 Thread 0x000001cf1e540800 Uncommon trap: trap_request=0xffffffc6 fr.pc=0x000001cf0f9fc488 relative=0x00000000000002c8
Event: 18.347 Thread 0x000001cf1e540800 Uncommon trap: reason=bimorphic_or_optimized_type_check action=maybe_recompile pc=0x000001cf0f9fc488 method=java.util.concurrent.ConcurrentHashMap.get(Ljava/lang/Object;)Ljava/lang/Object; @ 149 c2
Event: 18.347 Thread 0x000001cf1e540800 DEOPT PACKING pc=0x000001cf0f9fc488 sp=0x0000002cb53fcca0
Event: 18.347 Thread 0x000001cf1e540800 DEOPT UNPACKING pc=0x000001cf0f42a5a3 sp=0x0000002cb53fcc10 mode 2
Event: 18.407 Thread 0x000001cf1e540800 Uncommon trap: trap_request=0xffffffc6 fr.pc=0x000001cf0fa40548 relative=0x0000000000001188
Event: 18.407 Thread 0x000001cf1e540800 Uncommon trap: reason=bimorphic_or_optimized_type_check action=maybe_recompile pc=0x000001cf0fa40548 method=java.util.HashMap.putVal(ILjava/lang/Object;Ljava/lang/Object;ZZ)Ljava/lang/Object; @ 91 c2
Event: 18.407 Thread 0x000001cf1e540800 DEOPT PACKING pc=0x000001cf0fa40548 sp=0x0000002cb53fd070
Event: 18.407 Thread 0x000001cf1e540800 DEOPT UNPACKING pc=0x000001cf0f42a5a3 sp=0x0000002cb53fd010 mode 2
Event: 18.407 Thread 0x000001cf1e540800 Uncommon trap: trap_request=0xffffffc6 fr.pc=0x000001cf0fa40548 relative=0x0000000000001188
Event: 18.407 Thread 0x000001cf1e540800 Uncommon trap: reason=bimorphic_or_optimized_type_check action=maybe_recompile pc=0x000001cf0fa40548 method=java.util.HashMap.putVal(ILjava/lang/Object;Ljava/lang/Object;ZZ)Ljava/lang/Object; @ 91 c2
Event: 18.407 Thread 0x000001cf1e540800 DEOPT PACKING pc=0x000001cf0fa40548 sp=0x0000002cb53fd070
Event: 18.407 Thread 0x000001cf1e540800 DEOPT UNPACKING pc=0x000001cf0f42a5a3 sp=0x0000002cb53fd010 mode 2
Event: 18.418 Thread 0x000001cf1e540800 Uncommon trap: trap_request=0xffffff45 fr.pc=0x000001cf0f9bf3fc relative=0x000000000000005c
Event: 18.418 Thread 0x000001cf1e540800 Uncommon trap: reason=unstable_if action=reinterpret pc=0x000001cf0f9bf3fc method=java.util.LinkedHashMap.afterNodeInsertion(Z)V @ 1 c2
Event: 18.418 Thread 0x000001cf1e540800 DEOPT PACKING pc=0x000001cf0f9bf3fc sp=0x0000002cb53fcd40
Event: 18.418 Thread 0x000001cf1e540800 DEOPT UNPACKING pc=0x000001cf0f42a5a3 sp=0x0000002cb53fccc0 mode 2

Classes loaded (20 events):
Event: 18.412 Loading class sun/reflect/generics/reflectiveObjects/WildcardTypeImpl
Event: 18.412 Loading class sun/reflect/generics/reflectiveObjects/WildcardTypeImpl done
Event: 18.414 Loading class java/lang/annotation/ElementType
Event: 18.414 Loading class java/lang/annotation/ElementType done
Event: 18.417 Loading class java/lang/Deprecated
Event: 18.418 Loading class java/lang/Deprecated done
Event: 18.419 Loading class jdk/internal/vm/annotation/IntrinsicCandidate
Event: 18.419 Loading class jdk/internal/vm/annotation/IntrinsicCandidate done
Event: 18.440 Loading class java/lang/TypeNotPresentException
Event: 18.440 Loading class java/lang/TypeNotPresentException done
Event: 18.463 Loading class java/util/ConcurrentModificationException
Event: 18.463 Loading class java/util/ConcurrentModificationException done
Event: 18.534 Loading class java/lang/InstantiationException
Event: 18.534 Loading class java/lang/InstantiationException done
Event: 18.565 Loading class java/util/concurrent/atomic/AtomicReferenceFieldUpdater
Event: 18.565 Loading class java/util/concurrent/atomic/AtomicReferenceFieldUpdater done
Event: 18.565 Loading class java/util/concurrent/atomic/AtomicReferenceFieldUpdater$AtomicReferenceFieldUpdaterImpl
Event: 18.565 Loading class java/util/concurrent/atomic/AtomicReferenceFieldUpdater$AtomicReferenceFieldUpdaterImpl done
Event: 18.565 Loading class java/util/concurrent/atomic/AtomicReferenceFieldUpdater$AtomicReferenceFieldUpdaterImpl$1
Event: 18.565 Loading class java/util/concurrent/atomic/AtomicReferenceFieldUpdater$AtomicReferenceFieldUpdaterImpl$1 done

Classes unloaded (0 events):
No events

Classes redefined (0 events):
No events

Internal exceptions (20 events):
Event: 18.027 Thread 0x000001cf1e540800 Exception <a 'java/lang/NoSuchMethodError'{0x00000000861214c0}: 'java.lang.Object java.lang.invoke.DirectMethodHandle$Holder.invokeStatic(java.lang.Object, java.lang.Object, java.lang.Object, java.lang.Object, java.lang.Object, java.lang.Object, java.lang.Object, java.lang.Object, java.lang.Object, java.lang.Object, java.lang.Object, java.lang.Object, java.lang.Object, java.lang.Object)'> (0x00000000861214c0) 
thrown [s\open\src\hotspot\share\interpreter\linkResolver.cpp, line 774]
Event: 18.028 Thread 0x000001cf1e540800 Exception <a 'java/lang/NoSuchMethodError'{0x0000000086141070}: 'java.lang.Object java.lang.invoke.DirectMethodHandle$Holder.invokeStatic(java.lang.Object, java.lang.Object, java.lang.Object, java.lang.Object, java.lang.Object, java.lang.Object, java.lang.Object, java.lang.Object, java.lang.Object, java.lang.Object, java.lang.Object, java.lang.Object, java.lang.Object, java.lang.Object, java.lang.Object)'> (0x0000000086141070) 
thrown [s\open\src\hotspot\share\interpreter\linkResolver.cpp, line 774]
Event: 18.030 Thread 0x000001cf1e540800 Exception <a 'java/lang/NoSuchMethodError'{0x0000000086162390}: 'java.lang.Object java.lang.invoke.DirectMethodHandle$Holder.invokeStatic(java.lang.Object, java.lang.Object, java.lang.Object, java.lang.Object, java.lang.Object, java.lang.Object, java.lang.Object, java.lang.Object, java.lang.Object, java.lang.Object, java.lang.Object, java.lang.Object, java.lang.Object, java.lang.Object, java.lang.Object, java.lang.Object)'> (0x0000000086162390) 
thrown [s\open\src\hotspot\share\interpreter\linkResolver.cpp
Event: 18.031 Thread 0x000001cf1e540800 Exception <a 'java/lang/NoSuchMethodError'{0x0000000086188018}: 'java.lang.Object java.lang.invoke.DirectMethodHandle$Holder.invokeStatic(java.lang.Object, java.lang.Object, java.lang.Object, java.lang.Object, java.lang.Object, java.lang.Object, java.lang.Object, java.lang.Object, java.lang.Object, java.lang.Object, java.lang.Object, java.lang.Object, java.lang.Object, java.lang.Object, java.lang.Object, java.lang.Object, java.lang.Object)'> (0x0000000086188018) 
thrown [s\open\src\hotspot\share\interprete
Event: 18.075 Thread 0x000001cf1e540800 Exception <a 'java/lang/NoSuchMethodError'{0x0000000085e028a8}: 'void java.lang.invoke.DirectMethodHandle$Holder.invokeInterface(java.lang.Object, java.lang.Object)'> (0x0000000085e028a8) 
thrown [s\open\src\hotspot\share\interpreter\linkResolver.cpp, line 774]
Event: 18.075 Thread 0x000001cf1e540800 Exception <a 'java/lang/IncompatibleClassChangeError'{0x0000000085e062f0}: Found class java.lang.Object, but interface was expected> (0x0000000085e062f0) 
thrown [s\open\src\hotspot\share\interpreter\linkResolver.cpp, line 841]
Event: 18.086 Thread 0x000001cf1e540800 Exception <a 'java/lang/NoSuchMethodError'{0x0000000085eccc60}: 'void java.lang.invoke.DirectMethodHandle$Holder.invokeStaticInit(java.lang.Object)'> (0x0000000085eccc60) 
thrown [s\open\src\hotspot\share\interpreter\linkResolver.cpp, line 774]
Event: 18.114 Thread 0x000001cf1e540800 Exception <a 'java/lang/NoSuchMethodError'{0x00000000858c82a0}: 'java.lang.Object java.lang.invoke.DirectMethodHandle$Holder.newInvokeSpecial(java.lang.Object, java.lang.Object, java.lang.Object, int)'> (0x00000000858c82a0) 
thrown [s\open\src\hotspot\share\interpreter\linkResolver.cpp, line 774]
Event: 18.115 Thread 0x000001cf1e540800 Exception <a 'java/lang/NoSuchMethodError'{0x00000000858ccbf8}: 'java.lang.Object java.lang.invoke.DirectMethodHandle$Holder.invokeSpecial(java.lang.Object, java.lang.Object, java.lang.Object, java.lang.Object, int)'> (0x00000000858ccbf8) 
thrown [s\open\src\hotspot\share\interpreter\linkResolver.cpp, line 774]
Event: 18.115 Thread 0x000001cf1e540800 Exception <a 'java/lang/NoSuchMethodError'{0x00000000858d0d30}: 'java.lang.Object java.lang.invoke.Invokers$Holder.linkToTargetMethod(java.lang.Object, java.lang.Object, int, java.lang.Object)'> (0x00000000858d0d30) 
thrown [s\open\src\hotspot\share\interpreter\linkResolver.cpp, line 774]
Event: 18.159 Thread 0x000001cf1e540800 Exception <a 'java/lang/NoSuchMethodError'{0x00000000855b93d8}: 'java.lang.Object java.lang.invoke.DirectMethodHandle$Holder.newInvokeSpecial(java.lang.Object, java.lang.Object, java.lang.Object, java.lang.Object, java.lang.Object)'> (0x00000000855b93d8) 
thrown [s\open\src\hotspot\share\interpreter\linkResolver.cpp, line 774]
Event: 18.162 Thread 0x000001cf1e540800 Exception <a 'java/lang/NoSuchMethodError'{0x00000000855f2b78}: 'java.lang.Object java.lang.invoke.DirectMethodHandle$Holder.invokeVirtual(java.lang.Object, java.lang.Object, java.lang.Object, java.lang.Object, java.lang.Object, java.lang.Object, java.lang.Object, java.lang.Object, java.lang.Object, java.lang.Object)'> (0x00000000855f2b78) 
thrown [s\open\src\hotspot\share\interpreter\linkResolver.cpp, line 774]
Event: 18.181 Thread 0x000001cf1e540800 Exception <a 'java/lang/NoSuchMethodError'{0x00000000854e68f8}: 'int java.lang.invoke.DirectMethodHandle$Holder.invokeSpecialIFC(java.lang.Object, java.lang.Object, java.lang.Object, java.lang.Object)'> (0x00000000854e68f8) 
thrown [s\open\src\hotspot\share\interpreter\linkResolver.cpp, line 774]
Event: 18.183 Thread 0x000001cf1e540800 Exception <a 'java/lang/NoSuchMethodError'{0x00000000854f9970}: 'java.lang.Object java.lang.invoke.DirectMethodHandle$Holder.invokeInterface(java.lang.Object, java.lang.Object, java.lang.Object)'> (0x00000000854f9970) 
thrown [s\open\src\hotspot\share\interpreter\linkResolver.cpp, line 774]
Event: 18.183 Thread 0x000001cf1e540800 Exception <a 'java/lang/IncompatibleClassChangeError'{0x00000000854fd5a0}: Found class java.lang.Object, but interface was expected> (0x00000000854fd5a0) 
thrown [s\open\src\hotspot\share\interpreter\linkResolver.cpp, line 841]
Event: 18.212 Thread 0x000001cf1e540800 Exception <a 'java/lang/NoSuchMethodError'{0x00000000852b0888}: 'int java.lang.invoke.DirectMethodHandle$Holder.invokeStatic(java.lang.Object, java.lang.Object, java.lang.Object, java.lang.Object)'> (0x00000000852b0888) 
thrown [s\open\src\hotspot\share\interpreter\linkResolver.cpp, line 774]
Event: 18.354 Thread 0x000001cf1e540800 Exception <a 'java/lang/NoSuchMethodError'{0x0000000084a840c0}: 'void java.lang.invoke.DirectMethodHandle$Holder.invokeStatic(java.lang.Object, java.lang.Object)'> (0x0000000084a840c0) 
thrown [s\open\src\hotspot\share\interpreter\linkResolver.cpp, line 774]
Event: 18.382 Thread 0x000001cf1e540800 Exception <a 'java/lang/NoSuchMethodError'{0x000000008499bee0}: 'java.lang.Object java.lang.invoke.Invokers$Holder.invoker(java.lang.Object, java.lang.Object, java.lang.Object, java.lang.Object, java.lang.Object)'> (0x000000008499bee0) 
thrown [s\open\src\hotspot\share\interpreter\linkResolver.cpp, line 774]
Event: 18.467 Thread 0x000001cf1e540800 Exception <a 'java/lang/NoSuchMethodError'{0x00000000846e0e88}: 'void java.lang.invoke.DirectMethodHandle$Holder.invokeSpecial(java.lang.Object, java.lang.Object, java.lang.Object, java.lang.Object, java.lang.Object, java.lang.Object, java.lang.Object)'> (0x00000000846e0e88) 
thrown [s\open\src\hotspot\share\interpreter\linkResolver.cpp, line 774]
Event: 18.468 Thread 0x000001cf1e540800 Exception <a 'java/lang/NoSuchMethodError'{0x00000000846e9330}: 'java.lang.Object java.lang.invoke.DirectMethodHandle$Holder.newInvokeSpecial(java.lang.Object, java.lang.Object, java.lang.Object, java.lang.Object, java.lang.Object, java.lang.Object)'> (0x00000000846e9330) 
thrown [s\open\src\hotspot\share\interpreter\linkResolver.cpp, line 774]

VM Operations (20 events):
Event: 17.379 Executing VM operation: HandshakeAllThreads
Event: 17.379 Executing VM operation: HandshakeAllThreads done
Event: 17.393 Executing VM operation: HandshakeAllThreads
Event: 17.393 Executing VM operation: HandshakeAllThreads done
Event: 17.426 Executing VM operation: HandshakeAllThreads
Event: 17.426 Executing VM operation: HandshakeAllThreads done
Event: 17.460 Executing VM operation: HandshakeAllThreads
Event: 17.460 Executing VM operation: HandshakeAllThreads done
Event: 17.634 Executing VM operation: HandshakeAllThreads
Event: 17.634 Executing VM operation: HandshakeAllThreads done
Event: 17.687 Executing VM operation: HandshakeAllThreads
Event: 17.687 Executing VM operation: HandshakeAllThreads done
Event: 17.997 Executing VM operation: ICBufferFull
Event: 17.997 Executing VM operation: ICBufferFull done
Event: 18.035 Executing VM operation: HandshakeAllThreads
Event: 18.035 Executing VM operation: HandshakeAllThreads done
Event: 18.035 Executing VM operation: HandshakeAllThreads
Event: 18.035 Executing VM operation: HandshakeAllThreads done
Event: 18.113 Executing VM operation: HandshakeAllThreads
Event: 18.113 Executing VM operation: HandshakeAllThreads done

Events (20 events):
Event: 0.117 Thread 0x000001cf7f3b28b0 Thread added: 0x000001cf7f3b28b0
Event: 0.117 Thread 0x000001cf7f3b36e0 Thread added: 0x000001cf7f3b36e0
Event: 0.118 Thread 0x000001cf7f3b9940 Thread added: 0x000001cf7f3b9940
Event: 0.118 Thread 0x000001cf7f3be7e0 Thread added: 0x000001cf7f3be7e0
Event: 0.118 Thread 0x000001cf7f3c1ee0 Thread added: 0x000001cf7f3c1ee0
Event: 0.153 Thread 0x000001cf1d1706b0 Thread added: 0x000001cf1d1706b0
Event: 0.158 Thread 0x000001cf1d175240 Thread added: 0x000001cf1d175240
Event: 17.326 Thread 0x000001cf1e246450 Thread added: 0x000001cf1e246450
Event: 17.607 Thread 0x000001cf1d355f90 Thread added: 0x000001cf1d355f90
Event: 17.665 Thread 0x000001cf1e55c030 Thread added: 0x000001cf1e55c030
Event: 17.760 Thread 0x000001cf1e5d4370 Thread added: 0x000001cf1e5d4370
Event: 17.761 Thread 0x000001cf1e5c9330 Thread added: 0x000001cf1e5c9330
Event: 17.819 Thread 0x000001cf1e5b5480 Thread added: 0x000001cf1e5b5480
Event: 17.836 Thread 0x000001cf1e540800 Thread added: 0x000001cf1e540800
Event: 17.843 Thread 0x000001cf1d0e3140 Thread added: 0x000001cf1d0e3140
Event: 17.846 Thread 0x000001cf1d0e2bf0 Thread added: 0x000001cf1d0e2bf0
Event: 17.850 Thread 0x000001cf1d0e3690 Thread added: 0x000001cf1d0e3690
Event: 18.114 Thread 0x000001cf1d0e3be0 Thread added: 0x000001cf1d0e3be0
Event: 18.119 Thread 0x000001cf1e8b1550 Thread added: 0x000001cf1e8b1550
Event: 18.223 Thread 0x000001cf1e8afac0 Thread added: 0x000001cf1e8afac0


Dynamic libraries:
0x00007ff7e9160000 - 0x00007ff7e916e000 	C:\Users\UMESH\.jdks\openjdk-19.0.2\bin\java.exe
0x00007ffec9050000 - 0x00007ffec9264000 	C:\WINDOWS\SYSTEM32\ntdll.dll
0x00007ffec8230000 - 0x00007ffec82f3000 	C:\WINDOWS\System32\KERNEL32.DLL
0x00007ffec65b0000 - 0x00007ffec694c000 	C:\WINDOWS\System32\KERNELBASE.dll
0x00007ffec6b30000 - 0x00007ffec6c41000 	C:\WINDOWS\System32\ucrtbase.dll
0x00007ffe96f90000 - 0x00007ffe96fa7000 	C:\Users\UMESH\.jdks\openjdk-19.0.2\bin\jli.dll
0x00007ffe96ef0000 - 0x00007ffe96f0b000 	C:\Users\UMESH\.jdks\openjdk-19.0.2\bin\VCRUNTIME140.dll
0x00007ffec6e90000 - 0x00007ffec703d000 	C:\WINDOWS\System32\USER32.dll
0x00007ffec6c50000 - 0x00007ffec6c76000 	C:\WINDOWS\System32\win32u.dll
0x00007ffeb5470000 - 0x00007ffeb56fe000 	C:\WINDOWS\WinSxS\amd64_microsoft.windows.common-controls_6595b64144ccf1df_6.0.22621.608_none_a9444ca7c10bb01d\COMCTL32.dll
0x00007ffec8180000 - 0x00007ffec8227000 	C:\WINDOWS\System32\msvcrt.dll
0x00007ffec7040000 - 0x00007ffec7069000 	C:\WINDOWS\System32\GDI32.dll
0x00007ffec6490000 - 0x00007ffec65a3000 	C:\WINDOWS\System32\gdi32full.dll
0x00007ffec6a10000 - 0x00007ffec6aaa000 	C:\WINDOWS\System32\msvcp_win.dll
0x00007ffec8140000 - 0x00007ffec8171000 	C:\WINDOWS\System32\IMM32.DLL
0x00007ffe97a40000 - 0x00007ffe97a4c000 	C:\Users\UMESH\.jdks\openjdk-19.0.2\bin\vcruntime140_1.dll
0x00007ffe91f30000 - 0x00007ffe91fbe000 	C:\Users\UMESH\.jdks\openjdk-19.0.2\bin\msvcp140.dll
0x00007ffe26fd0000 - 0x00007ffe27c90000 	C:\Users\UMESH\.jdks\openjdk-19.0.2\bin\server\jvm.dll
0x00007ffec8dc0000 - 0x00007ffec8e6e000 	C:\WINDOWS\System32\ADVAPI32.dll
0x00007ffec8ec0000 - 0x00007ffec8f64000 	C:\WINDOWS\System32\sechost.dll
0x00007ffec7190000 - 0x00007ffec72a5000 	C:\WINDOWS\System32\RPCRT4.dll
0x00007ffea4b20000 - 0x00007ffea4b29000 	C:\WINDOWS\SYSTEM32\WSOCK32.dll
0x00007ffebabe0000 - 0x00007ffebabea000 	C:\WINDOWS\SYSTEM32\VERSION.dll
0x00007ffec8f70000 - 0x00007ffec8fe1000 	C:\WINDOWS\System32\WS2_32.dll
0x00007ffebc7c0000 - 0x00007ffebc7f4000 	C:\WINDOWS\SYSTEM32\WINMM.dll
0x00007ffec54e0000 - 0x00007ffec54f8000 	C:\WINDOWS\SYSTEM32\kernel.appcore.dll
0x00007ffe97280000 - 0x00007ffe9728a000 	C:\Users\UMESH\.jdks\openjdk-19.0.2\bin\jimage.dll
0x00007ffec3cf0000 - 0x00007ffec3f1e000 	C:\WINDOWS\SYSTEM32\DBGHELP.DLL
0x00007ffec73a0000 - 0x00007ffec7729000 	C:\WINDOWS\System32\combase.dll
0x00007ffec72b0000 - 0x00007ffec7387000 	C:\WINDOWS\System32\OLEAUT32.dll
0x00007ffebba50000 - 0x00007ffebba82000 	C:\WINDOWS\SYSTEM32\dbgcore.DLL
0x00007ffec6ab0000 - 0x00007ffec6b2b000 	C:\WINDOWS\System32\bcryptPrimitives.dll
0x00007ffe95f50000 - 0x00007ffe95f76000 	C:\Users\UMESH\.jdks\openjdk-19.0.2\bin\java.dll
0x00007ffe678e0000 - 0x00007ffe679b7000 	C:\Users\UMESH\.jdks\openjdk-19.0.2\bin\jsvml.dll
0x00007ffec7840000 - 0x00007ffec8030000 	C:\WINDOWS\System32\SHELL32.dll
0x00007ffec44a0000 - 0x00007ffec4d6e000 	C:\WINDOWS\SYSTEM32\windows.storage.dll
0x00007ffec4360000 - 0x00007ffec449e000 	C:\WINDOWS\SYSTEM32\wintypes.dll
0x00007ffec7730000 - 0x00007ffec7821000 	C:\WINDOWS\System32\SHCORE.dll
0x00007ffec87f0000 - 0x00007ffec884e000 	C:\WINDOWS\System32\shlwapi.dll
0x00007ffec63c0000 - 0x00007ffec63e1000 	C:\WINDOWS\SYSTEM32\profapi.dll
0x00007ffe95fc0000 - 0x00007ffe95fd3000 	C:\Users\UMESH\.jdks\openjdk-19.0.2\bin\net.dll
0x00007ffebd970000 - 0x00007ffebda9f000 	C:\WINDOWS\SYSTEM32\WINHTTP.dll
0x00007ffec59c0000 - 0x00007ffec5a29000 	C:\WINDOWS\system32\mswsock.dll
0x00007ffe95550000 - 0x00007ffe95566000 	C:\Users\UMESH\.jdks\openjdk-19.0.2\bin\nio.dll
0x00007ffe95530000 - 0x00007ffe95548000 	C:\Users\UMESH\.jdks\openjdk-19.0.2\bin\zip.dll
0x00007ffe970e0000 - 0x00007ffe970f0000 	C:\Users\UMESH\.jdks\openjdk-19.0.2\bin\verify.dll
0x00007ffe970f0000 - 0x00007ffe97117000 	C:\Users\UMESH\.gradle\native\8bec1ad78214c89d9ad589b4d07fe93259594b29d510b10fafb7a158f7737e5d\windows-amd64\native-platform.dll
0x00007ffe75a50000 - 0x00007ffe75b8d000 	C:\Users\UMESH\.gradle\native\53dbd7edfb1c66fb8903c78663c9afc45aea4f116125fa6feffd364cf09443e8\windows-amd64\native-platform-file-events.dll
0x00007ffe95990000 - 0x00007ffe9599a000 	C:\Users\UMESH\.jdks\openjdk-19.0.2\bin\management.dll
0x00007ffe95920000 - 0x00007ffe9592b000 	C:\Users\UMESH\.jdks\openjdk-19.0.2\bin\management_ext.dll
0x00007ffec7390000 - 0x00007ffec7398000 	C:\WINDOWS\System32\PSAPI.DLL
0x00007ffec5ca0000 - 0x00007ffec5cbb000 	C:\WINDOWS\SYSTEM32\CRYPTSP.dll
0x00007ffec5450000 - 0x00007ffec5485000 	C:\WINDOWS\system32\rsaenh.dll
0x00007ffec5ad0000 - 0x00007ffec5af8000 	C:\WINDOWS\SYSTEM32\USERENV.dll
0x00007ffec5e40000 - 0x00007ffec5e68000 	C:\WINDOWS\SYSTEM32\bcrypt.dll
0x00007ffec5cc0000 - 0x00007ffec5ccc000 	C:\WINDOWS\SYSTEM32\CRYPTBASE.dll
0x00007ffec4fc0000 - 0x00007ffec4fed000 	C:\WINDOWS\SYSTEM32\IPHLPAPI.DLL
0x00007ffec8360000 - 0x00007ffec8369000 	C:\WINDOWS\System32\NSI.dll
0x00007ffebc7a0000 - 0x00007ffebc7b9000 	C:\WINDOWS\SYSTEM32\dhcpcsvc6.DLL
0x00007ffebc780000 - 0x00007ffebc79f000 	C:\WINDOWS\SYSTEM32\dhcpcsvc.DLL
0x00007ffec4ff0000 - 0x00007ffec50e3000 	C:\WINDOWS\SYSTEM32\DNSAPI.dll
0x00007ffe954c0000 - 0x00007ffe954c8000 	C:\Users\UMESH\.jdks\openjdk-19.0.2\bin\extnet.dll
0x00007ffe954b0000 - 0x00007ffe954be000 	C:\Users\UMESH\.jdks\openjdk-19.0.2\bin\sunmscapi.dll
0x00007ffec6c80000 - 0x00007ffec6de6000 	C:\WINDOWS\System32\CRYPT32.dll
0x00007ffec5e10000 - 0x00007ffec5e3d000 	C:\WINDOWS\SYSTEM32\ncrypt.dll
0x00007ffec5dd0000 - 0x00007ffec5e07000 	C:\WINDOWS\SYSTEM32\NTASN1.dll
0x00007ffe954a0000 - 0x00007ffe954a8000 	C:\WINDOWS\system32\wshunix.dll

dbghelp: loaded successfully - version: 4.0.5 - missing functions: none
symbol engine: initialized successfully - sym options: 0x614 - pdb path: .;C:\Users\UMESH\.jdks\openjdk-19.0.2\bin;C:\WINDOWS\SYSTEM32;C:\WINDOWS\WinSxS\amd64_microsoft.windows.common-controls_6595b64144ccf1df_6.0.22621.608_none_a9444ca7c10bb01d;C:\Users\UMESH\.jdks\openjdk-19.0.2\bin\server;C:\Users\UMESH\.gradle\native\8bec1ad78214c89d9ad589b4d07fe93259594b29d510b10fafb7a158f7737e5d\windows-amd64;C:\Users\UMESH\.gradle\native\53dbd7edfb1c66fb8903c78663c9afc45aea4f116125fa6feffd364cf09443e8\windows-amd64

VM Arguments:
jvm_args: --add-opens=java.base/java.util=ALL-UNNAMED --add-opens=java.base/java.lang=ALL-UNNAMED --add-opens=java.base/java.lang.invoke=ALL-UNNAMED --add-opens=java.base/java.util=ALL-UNNAMED --add-opens=java.prefs/java.util.prefs=ALL-UNNAMED --add-opens=java.prefs/java.util.prefs=ALL-UNNAMED --add-opens=java.base/java.nio.charset=ALL-UNNAMED --add-opens=java.base/java.net=ALL-UNNAMED --add-opens=java.base/java.util.concurrent.atomic=ALL-UNNAMED -Xmx2048m -Dfile.encoding=UTF-8 -Duser.country=US -Duser.language=en -Duser.variant 
java_command: org.gradle.launcher.daemon.bootstrap.GradleDaemon 7.0.2
java_class_path (initial): C:\Users\UMESH\.gradle\wrapper\dists\gradle-7.0.2-bin\857tjihv64xamwrf0h14cai3r\gradle-7.0.2\lib\gradle-launcher-7.0.2.jar
Launcher Type: SUN_STANDARD

[Global flags]
     intx CICompilerCount                          = 4                                         {product} {ergonomic}
     uint ConcGCThreads                            = 2                                         {product} {ergonomic}
     uint G1ConcRefinementThreads                  = 8                                         {product} {ergonomic}
   size_t G1HeapRegionSize                         = 1048576                                   {product} {ergonomic}
    uintx GCDrainStackTargetSize                   = 64                                        {product} {ergonomic}
   size_t InitialHeapSize                          = 132120576                                 {product} {ergonomic}
   size_t MarkStackSize                            = 4194304                                   {product} {ergonomic}
   size_t MaxHeapSize                              = 2147483648                                {product} {command line}
   size_t MaxNewSize                               = 1287651328                                {product} {ergonomic}
   size_t MinHeapDeltaBytes                        = 1048576                                   {product} {ergonomic}
   size_t MinHeapSize                              = 8388608                                   {product} {ergonomic}
    uintx NonNMethodCodeHeapSize                   = 5839372                                {pd product} {ergonomic}
    uintx NonProfiledCodeHeapSize                  = 122909434                              {pd product} {ergonomic}
    uintx ProfiledCodeHeapSize                     = 122909434                              {pd product} {ergonomic}
    uintx ReservedCodeCacheSize                    = 251658240                              {pd product} {ergonomic}
     bool SegmentedCodeCache                       = true                                      {product} {ergonomic}
   size_t SoftMaxHeapSize                          = 2147483648                             {manageable} {ergonomic}
     bool UseCompressedClassPointers               = true                           {product lp64_product} {ergonomic}
     bool UseCompressedOops                        = true                           {product lp64_product} {ergonomic}
     bool UseG1GC                                  = true                                      {product} {ergonomic}
     bool UseLargePagesIndividualAllocation        = false                                  {pd product} {ergonomic}

Logging:
Log output configuration:
 #0: stdout all=warning uptime,level,tags foldmultilines=false
 #1: stderr all=off uptime,level,tags foldmultilines=false

Environment Variables:
PATH=C:\Python311\Scripts\;C:\Python311\;C:\Program Files\Python310\Scripts\;C:\Program Files\Python310\;C:\Program Files\Common Files\Oracle\Java\javapath;C:\WINDOWS\system32;C:\WINDOWS;C:\WINDOWS\System32\Wbem;C:\WINDOWS\System32\WindowsPowerShell\v1.0\;C:\WINDOWS\System32\OpenSSH\;C:\Program Files\Git\cmd;C:\Program Files\dotnet\;C:\ProgramData\chocolatey\bin;C:\Program Files\nodejs\;C:\Program Files\Go\bin;C:\Users\UMESH\AppData\Local\Microsoft\WindowsApps;C:\Program Files\JetBrains\IntelliJ IDEA Community Edition 2021.3.1\bin;C:\msys64\mingw64\bin;C:\kotlinc\bin;;C:\Users\UMESH\AppData\Local\Programs\Microsoft VS Code\bin;C:\kotlinc\bin;C:\Users\UMESH\AppData\Local\GitHubDesktop\bin;C:\Program Files\JetBrains\PyCharm Community Edition 2022.2.2\bin;;C:\Program Files\Python310;C:\Program Files\Python310\Scripts;C:\Users\UMESH\AppData\Roaming\npm;C:\Program Files\nodejs;C:\Users\UMESH\go\bin;C:\Users\UMESH\.dotnet\tools;C:\Program Files\R\R-4.2.2\bin;C:\flutter\bin;
USERNAME=UMESH
OS=Windows_NT
PROCESSOR_IDENTIFIER=Intel64 Family 6 Model 140 Stepping 1, GenuineIntel
TMP=C:\Users\UMESH\AppData\Local\Temp
TEMP=C:\Users\UMESH\AppData\Local\Temp



---------------  S Y S T E M  ---------------

OS:
 Windows 11 , 64 bit Build 22621 (10.0.22621.1344)
OS uptime: 1 days 20:57 hours

CPU: total 8 (initial active 8) (4 cores per cpu, 2 threads per core) family 6 model 140 stepping 1 microcode 0x86, cx8, cmov, fxsr, ht, mmx, 3dnowpref, sse, sse2, sse3, ssse3, sse4.1, sse4.2, popcnt, lzcnt, tsc, tscinvbit, avx, avx2, aes, erms, clmul, bmi1, bmi2, adx, avx512f, avx512dq, avx512cd, avx512bw, avx512vl, sha, fma, vzeroupper, avx512_vpopcntdq, avx512_vpclmulqdq, avx512_vaes, avx512_vnni, clflush, clflushopt, clwb, avx512_vbmi2, avx512_vbmi, rdtscp, rdpid, fsrm, gfni, avx512_bitalg

Memory: 4k page, system-wide physical 7975M (160M free)
TotalPageFile size 12071M (AvailPageFile size 4M)
current process WorkingSet (physical memory assigned to process): 175M, peak: 177M
current process commit charge ("private bytes"): 278M, peak: 279M

vm_info: OpenJDK 64-Bit Server VM (19.0.2+7-44) for windows-amd64 JRE (19.0.2+7-44), built on 2022-11-30T18:02:09Z by "mach5one" with MS VC++ 17.1 (VS2022)

END.
